Testcase Name: Test001_android
Failure StepNumber: null
Reason for Failure:
	An unknown server-side error occurred while processing the command. Original error: Cannot start the 'in.erail.m.MainActivity' application. Visit https://github.com/appium/appium/blob/master/docs/en/writing-running-appium/android/activity-startup.md for troubleshooting. Original error: Cannot start the 'in.erail.m.MainActivity' application. Visit https://github.com/appium/appium/blob/master/docs/en/writing-running-appium/android/activity-startup.md for troubleshooting. Original error: Activity name '.in.erail.m.CordovaApp' used to start the app doesn't exist or cannot be launched! Make sure it exists and is a launchable activity
Build info: version: '3.7.0', revision: '2321c73', time: '2017-11-02T22:22:35.584Z'
System info: host: 'TEKCLAN-LAP-052', ip: '172.16.10.186', os.name: 'Windows 10', os.arch: 'amd64', os.version: '10.0', java.version: '1.8.0_231'
Driver info: driver.version: AndroidDriver
remote stacktrace: UnknownError: An unknown server-side error occurred while processing the command. Original error: Cannot start the 'in.erail.m.MainActivity' application. Visit https://github.com/appium/appium/blob/master/docs/en/writing-running-appium/android/activity-startup.md for troubleshooting. Original error: Cannot start the 'in.erail.m.MainActivity' application. Visit https://github.com/appium/appium/blob/master/docs/en/writing-running-appium/android/activity-startup.md for troubleshooting. Original error: Activity name '.in.erail.m.CordovaApp' used to start the app doesn't exist or cannot be launched! Make sure it exists and is a launchable activity
    at getResponseForW3CError (C:\Users\babu\AppData\Local\Programs\Appium\resources\app\node_modules\appium\node_modules\appium-base-driver\lib\protocol\errors.js:804:9)
    at asyncHandler (C:\Users\babu\AppData\Local\Programs\Appium\resources\app\node_modules\appium\node_modules\appium-base-driver\lib\protocol\protocol.js:388:37)
    at process._tickCallback (internal/process/next_tick.js:68:7)
Full Stack Trace:
	org.openqa.selenium.WebDriverException: An unknown server-side error occurred while processing the command. Original error: Cannot start the 'in.erail.m.MainActivity' application. Visit https://github.com/appium/appium/blob/master/docs/en/writing-running-appium/android/activity-startup.md for troubleshooting. Original error: Cannot start the 'in.erail.m.MainActivity' application. Visit https://github.com/appium/appium/blob/master/docs/en/writing-running-appium/android/activity-startup.md for troubleshooting. Original error: Activity name '.in.erail.m.CordovaApp' used to start the app doesn't exist or cannot be launched! Make sure it exists and is a launchable activity
Build info: version: '3.7.0', revision: '2321c73', time: '2017-11-02T22:22:35.584Z'
System info: host: 'TEKCLAN-LAP-052', ip: '172.16.10.186', os.name: 'Windows 10', os.arch: 'amd64', os.version: '10.0', java.version: '1.8.0_231'
Driver info: driver.version: AndroidDriver
remote stacktrace: UnknownError: An unknown server-side error occurred while processing the command. Original error: Cannot start the 'in.erail.m.MainActivity' application. Visit https://github.com/appium/appium/blob/master/docs/en/writing-running-appium/android/activity-startup.md for troubleshooting. Original error: Cannot start the 'in.erail.m.MainActivity' application. Visit https://github.com/appium/appium/blob/master/docs/en/writing-running-appium/android/activity-startup.md for troubleshooting. Original error: Activity name '.in.erail.m.CordovaApp' used to start the app doesn't exist or cannot be launched! Make sure it exists and is a launchable activity
    at getResponseForW3CError (C:\Users\babu\AppData\Local\Programs\Appium\resources\app\node_modules\appium\node_modules\appium-base-driver\lib\protocol\errors.js:804:9)
    at asyncHandler (C:\Users\babu\AppData\Local\Programs\Appium\resources\app\node_modules\appium\node_modules\appium-base-driver\lib\protocol\protocol.js:388:37)
    at process._tickCallback (internal/process/next_tick.js:68:7)


